2017-03-13 10:36:29.598 INFO  (main) [   ] c.z.m.s.Application Starting Application on GAOJ with PID 5644 (D:\Users\gaoj\workspace\cloud\zk-search\target\classes started by gaoj in D:\Users\gaoj\workspace\cloud\zk-search)
2017-03-13 10:36:29.600 INFO  (main) [   ] c.z.m.s.Application No active profile set, falling back to default profiles: default
2017-03-13 10:36:29.692 INFO  (main) [   ] o.s.b.c.e.AnnotationConfigEmbeddedWebApplicationContext Refreshing org.springframework.boot.context.embedded.AnnotationConfigEmbeddedWebApplicationContext@7b527b7a: startup date [Mon Mar 13 10:36:29 CST 2017]; root of context hierarchy
2017-03-13 10:36:30.687 INFO  (background-preinit) [   ] o.h.v.i.u.Version HV000001: Hibernate Validator 5.3.4.Final
2017-03-13 10:36:31.348 INFO  (main) [   ] o.s.b.c.e.t.TomcatEmbeddedServletContainer Tomcat initialized with port(s): 8011 (http)
2017-03-13 10:36:31.975 INFO  (localhost-startStop-1) [   ] o.s.w.c.ContextLoader Root WebApplicationContext: initialization completed in 2285 ms
2017-03-13 10:36:32.185 INFO  (localhost-startStop-1) [   ] o.s.b.w.s.ServletRegistrationBean Mapping servlet: 'dispatcherServlet' to [/]
2017-03-13 10:36:32.189 INFO  (localhost-startStop-1) [   ] o.s.b.w.s.FilterRegistrationBean Mapping filter: 'characterEncodingFilter' to: [/*]
2017-03-13 10:36:32.189 INFO  (localhost-startStop-1) [   ] o.s.b.w.s.FilterRegistrationBean Mapping filter: 'hiddenHttpMethodFilter' to: [/*]
2017-03-13 10:36:32.189 INFO  (localhost-startStop-1) [   ] o.s.b.w.s.FilterRegistrationBean Mapping filter: 'httpPutFormContentFilter' to: [/*]
2017-03-13 10:36:32.189 INFO  (localhost-startStop-1) [   ] o.s.b.w.s.FilterRegistrationBean Mapping filter: 'requestContextFilter' to: [/*]
2017-03-13 10:36:32.746 INFO  (main) [   ] o.s.w.s.m.m.a.RequestMappingHandlerAdapter Looking for @ControllerAdvice: org.springframework.boot.context.embedded.AnnotationConfigEmbeddedWebApplicationContext@7b527b7a: startup date [Mon Mar 13 10:36:29 CST 2017]; root of context hierarchy
2017-03-13 10:36:32.806 INFO  (main) [   ] o.s.w.s.m.m.a.RequestMappingHandlerMapping Mapped "{[/zkyunso/serach]}" onto public java.lang.String com.zkyunso.microservice.search.controller.AppController.search(java.lang.String)
2017-03-13 10:36:32.807 INFO  (main) [   ] o.s.w.s.m.m.a.RequestMappingHandlerMapping Mapped "{[/zkyunso/inorderserach]}" onto public java.lang.String com.zkyunso.microservice.search.controller.AppController.inorderserach(java.lang.String)
2017-03-13 10:36:32.807 INFO  (main) [   ] o.s.w.s.m.m.a.RequestMappingHandlerMapping Mapped "{[/zkyunso/offsetserach]}" onto public java.lang.String com.zkyunso.microservice.search.controller.AppController.offsetserach(java.lang.String)
2017-03-13 10:36:32.807 INFO  (main) [   ] o.s.w.s.m.m.a.RequestMappingHandlerMapping Mapped "{[/zkyunso/do]}" onto public java.lang.String com.zkyunso.microservice.search.controller.AppController.doThing()
2017-03-13 10:36:32.809 INFO  (main) [   ] o.s.w.s.m.m.a.RequestMappingHandlerMapping Mapped "{[/error]}" onto public org.springframework.http.ResponseEntity<java.util.Map<java.lang.String, java.lang.Object>> org.springframework.boot.autoconfigure.web.BasicErrorController.error(javax.servlet.http.HttpServletRequest)
2017-03-13 10:36:32.809 INFO  (main) [   ] o.s.w.s.m.m.a.RequestMappingHandlerMapping Mapped "{[/error],produces=[text/html]}" onto public org.springframework.web.servlet.ModelAndView org.springframework.boot.autoconfigure.web.BasicErrorController.errorHtml(javax.servlet.http.HttpServletRequest,javax.servlet.http.HttpServletResponse)
2017-03-13 10:36:32.878 INFO  (main) [   ] o.s.w.s.h.SimpleUrlHandlerMapping Mapped URL path [/webjars/**] onto handler of type [class org.springframework.web.servlet.resource.ResourceHttpRequestHandler]
2017-03-13 10:36:32.878 INFO  (main) [   ] o.s.w.s.h.SimpleUrlHandlerMapping Mapped URL path [/**] onto handler of type [class org.springframework.web.servlet.resource.ResourceHttpRequestHandler]
2017-03-13 10:36:32.931 INFO  (main) [   ] o.s.w.s.h.SimpleUrlHandlerMapping Mapped URL path [/**/favicon.ico] onto handler of type [class org.springframework.web.servlet.resource.ResourceHttpRequestHandler]
2017-03-13 10:36:33.153 INFO  (main) [   ] o.s.j.e.a.AnnotationMBeanExporter Registering beans for JMX exposure on startup
2017-03-13 10:36:33.566 INFO  (main) [   ] o.s.b.c.e.t.TomcatEmbeddedServletContainer Tomcat started on port(s): 8011 (http)
2017-03-13 10:36:33.624 INFO  (main) [   ] c.z.m.s.Application Started Application in 4.472 seconds (JVM running for 5.125)
2017-03-13 10:38:43.275 INFO  (http-nio-8011-exec-1) [   ] o.s.w.s.DispatcherServlet FrameworkServlet 'dispatcherServlet': initialization started
2017-03-13 10:38:43.326 INFO  (http-nio-8011-exec-1) [   ] o.s.w.s.DispatcherServlet FrameworkServlet 'dispatcherServlet': initialization completed in 50 ms
2017-03-13 11:22:27.992 INFO  (main) [   ] c.z.m.s.Application Starting Application on GAOJ with PID 8232 (D:\Users\gaoj\workspace\cloud\zk-search\target\classes started by gaoj in D:\Users\gaoj\workspace\cloud\zk-search)
2017-03-13 11:22:27.995 INFO  (main) [   ] c.z.m.s.Application No active profile set, falling back to default profiles: default
2017-03-13 11:22:28.076 INFO  (main) [   ] o.s.b.c.e.AnnotationConfigEmbeddedWebApplicationContext Refreshing org.springframework.boot.context.embedded.AnnotationConfigEmbeddedWebApplicationContext@5010ad7c: startup date [Mon Mar 13 11:22:28 CST 2017]; root of context hierarchy
2017-03-13 11:22:28.882 INFO  (background-preinit) [   ] o.h.v.i.u.Version HV000001: Hibernate Validator 5.3.4.Final
2017-03-13 11:22:29.788 INFO  (main) [   ] o.s.b.c.e.t.TomcatEmbeddedServletContainer Tomcat initialized with port(s): 8011 (http)
2017-03-13 11:22:30.387 INFO  (localhost-startStop-1) [   ] o.s.w.c.ContextLoader Root WebApplicationContext: initialization completed in 2314 ms
2017-03-13 11:22:30.545 INFO  (localhost-startStop-1) [   ] o.s.b.w.s.ServletRegistrationBean Mapping servlet: 'dispatcherServlet' to [/]
2017-03-13 11:22:30.549 INFO  (localhost-startStop-1) [   ] o.s.b.w.s.FilterRegistrationBean Mapping filter: 'characterEncodingFilter' to: [/*]
2017-03-13 11:22:30.549 INFO  (localhost-startStop-1) [   ] o.s.b.w.s.FilterRegistrationBean Mapping filter: 'hiddenHttpMethodFilter' to: [/*]
2017-03-13 11:22:30.550 INFO  (localhost-startStop-1) [   ] o.s.b.w.s.FilterRegistrationBean Mapping filter: 'httpPutFormContentFilter' to: [/*]
2017-03-13 11:22:30.550 INFO  (localhost-startStop-1) [   ] o.s.b.w.s.FilterRegistrationBean Mapping filter: 'requestContextFilter' to: [/*]
2017-03-13 11:22:31.164 INFO  (main) [   ] o.s.w.s.m.m.a.RequestMappingHandlerAdapter Looking for @ControllerAdvice: org.springframework.boot.context.embedded.AnnotationConfigEmbeddedWebApplicationContext@5010ad7c: startup date [Mon Mar 13 11:22:28 CST 2017]; root of context hierarchy
2017-03-13 11:22:31.232 INFO  (main) [   ] o.s.w.s.m.m.a.RequestMappingHandlerMapping Mapped "{[/zkyunso/search]}" onto public java.lang.String com.zkyunso.microservice.search.controller.AppController.search(java.lang.String)
2017-03-13 11:22:31.232 INFO  (main) [   ] o.s.w.s.m.m.a.RequestMappingHandlerMapping Mapped "{[/zkyunso/inorderserach]}" onto public java.lang.String com.zkyunso.microservice.search.controller.AppController.inorderserach(java.lang.String)
2017-03-13 11:22:31.233 INFO  (main) [   ] o.s.w.s.m.m.a.RequestMappingHandlerMapping Mapped "{[/zkyunso/offsetserach]}" onto public java.lang.String com.zkyunso.microservice.search.controller.AppController.offsetserach(java.lang.String)
2017-03-13 11:22:31.233 INFO  (main) [   ] o.s.w.s.m.m.a.RequestMappingHandlerMapping Mapped "{[/zkyunso/do]}" onto public java.lang.String com.zkyunso.microservice.search.controller.AppController.doThing()
2017-03-13 11:22:31.236 INFO  (main) [   ] o.s.w.s.m.m.a.RequestMappingHandlerMapping Mapped "{[/error]}" onto public org.springframework.http.ResponseEntity<java.util.Map<java.lang.String, java.lang.Object>> org.springframework.boot.autoconfigure.web.BasicErrorController.error(javax.servlet.http.HttpServletRequest)
2017-03-13 11:22:31.236 INFO  (main) [   ] o.s.w.s.m.m.a.RequestMappingHandlerMapping Mapped "{[/error],produces=[text/html]}" onto public org.springframework.web.servlet.ModelAndView org.springframework.boot.autoconfigure.web.BasicErrorController.errorHtml(javax.servlet.http.HttpServletRequest,javax.servlet.http.HttpServletResponse)
2017-03-13 11:22:31.268 INFO  (main) [   ] o.s.w.s.h.SimpleUrlHandlerMapping Mapped URL path [/webjars/**] onto handler of type [class org.springframework.web.servlet.resource.ResourceHttpRequestHandler]
2017-03-13 11:22:31.269 INFO  (main) [   ] o.s.w.s.h.SimpleUrlHandlerMapping Mapped URL path [/**] onto handler of type [class org.springframework.web.servlet.resource.ResourceHttpRequestHandler]
2017-03-13 11:22:31.315 INFO  (main) [   ] o.s.w.s.h.SimpleUrlHandlerMapping Mapped URL path [/**/favicon.ico] onto handler of type [class org.springframework.web.servlet.resource.ResourceHttpRequestHandler]
2017-03-13 11:22:31.492 INFO  (main) [   ] o.s.j.e.a.AnnotationMBeanExporter Registering beans for JMX exposure on startup
2017-03-13 11:22:31.540 INFO  (main) [   ] o.s.b.c.e.t.TomcatEmbeddedServletContainer Tomcat started on port(s): 8011 (http)
2017-03-13 11:22:31.545 INFO  (main) [   ] c.z.m.s.Application Started Application in 3.923 seconds (JVM running for 4.514)
2017-03-13 11:26:08.887 INFO  (http-nio-8011-exec-1) [   ] o.s.w.s.DispatcherServlet FrameworkServlet 'dispatcherServlet': initialization started
2017-03-13 11:26:08.938 INFO  (http-nio-8011-exec-1) [   ] o.s.w.s.DispatcherServlet FrameworkServlet 'dispatcherServlet': initialization completed in 50 ms
